<?xml version="1.0" encoding="UTF-8"?>
<!-- Generated by org.testng.reporters.JUnitReportReporter -->
<testsuite hostname="DESKTOP-QLLEM1F" failures="0" tests="1" name="tests.UserCanOpenWomenPageTest" time="1.128" errors="0" timestamp="29 Jun 2021 11:35:52 GMT" skipped="0">
  <testcase classname="tests.UserCanOpenWomenPageTest" name="OpenWomanPageTest" time="1.128"/>
</testsuite> <!-- tests.UserCanOpenWomenPageTest -->
