<?xml version="1.0" encoding="UTF-8"?>
<!-- Generated by org.testng.reporters.JUnitReportReporter -->
<testsuite hostname="DESKTOP-QLLEM1F" failures="0" tests="10" name="tests.UserCanRegisterTest" time="16.391" errors="0" timestamp="29 Jun 2021 19:54:35 GMT" skipped="0">
  <testcase classname="tests.UserCanRegisterTest" name="UserCanRegisterSecussfully" time="4.051"/>
  <testcase classname="tests.UserCanRegisterTest" name="UserregisterWithInvaildFname" time="1.318"/>
  <testcase classname="tests.UserCanRegisterTest" name="UserregisterWithInvaildlname" time="1.288"/>
  <testcase classname="tests.UserCanRegisterTest" name="UserregisterWithBlankemail" time="1.305"/>
  <testcase classname="tests.UserCanRegisterTest" name="UserregisterWithInvaildlemail" time="1.265"/>
  <testcase classname="tests.UserCanRegisterTest" name="UserregisterWithInvaildlpasswordLessThan6Digits" time="1.322"/>
  <testcase classname="tests.UserCanRegisterTest" name="UserregisterWithInvaildlpassword" time="1.291"/>
  <testcase classname="tests.UserCanRegisterTest" name="UserregisterWithInvaildlConfiremPassword" time="1.280"/>
  <testcase classname="tests.UserCanRegisterTest" name="UserregisterWithUnMatchedConfiremPassword" time="0.886"/>
  <testcase classname="tests.UserCanRegisterTest" name="UserregisterWithEmailAlreayExistent" time="2.385"/>
</testsuite> <!-- tests.UserCanRegisterTest -->
