<?xml version="1.0" encoding="UTF-8"?>
<!-- Generated by org.testng.reporters.JUnitReportReporter -->
<testsuite hostname="DESKTOP-QLLEM1F" failures="0" tests="1" name="tests.UserCanLoginTest" time="6.675" errors="0" timestamp="29 Jun 2021 19:49:22 GMT" skipped="0">
  <testcase classname="tests.UserCanLoginTest" name="UserCanLoginSuccessfully" time="6.675"/>
</testsuite> <!-- tests.UserCanLoginTest -->
